{
  "/project/test/fixtures/vitest-range/subject.ts": {
    "path": "/project/test/fixtures/vitest-range/subject.ts",
    "statementMap": {
      "0": { "start": { "line": 2, "column": 2 }, "end": { "line": 2, "column": null } },
      "1": { "start": { "line": 5, "column": 13 }, "end": { "line": 5, "column": 37 } },
      "2": { "start": { "line": 5, "column": 27 }, "end": { "line": 5, "column": 37 } },
      "3": { "start": { "line": 5, "column": 43 }, "end": { "line": 5, "column": null } },
      "4": { "start": { "line": 5, "column": 58 }, "end": { "line": 5, "column": null } }
    },
    "fnMap": {
      "0": {
        "name": "choose",
        "decl": { "start": { "line": 1, "column": 16 }, "end": { "line": 1, "column": 23 } },
        "loc": { "start": { "line": 1, "column": 38 }, "end": { "line": 3, "column": null } },
        "line": 1
      },
      "1": {
        "name": "(anonymous_1)",
        "decl": { "start": { "line": 5, "column": 13 }, "end": { "line": 5, "column": 27 } },
        "loc": { "start": { "line": 5, "column": 27 }, "end": { "line": 5, "column": 37 } },
        "line": 5
      },
      "2": {
        "name": "(anonymous_2)",
        "decl": { "start": { "line": 5, "column": 43 }, "end": { "line": 5, "column": 58 } },
        "loc": { "start": { "line": 5, "column": 58 }, "end": { "line": 5, "column": null } },
        "line": 5
      }
    },
    "branchMap": {
      "0": {
        "loc": { "start": { "line": 2, "column": 9 }, "end": { "line": 2, "column": null } },
        "type": "cond-expr",
        "locations": [
          { "start": { "line": 2, "column": 16 }, "end": { "line": 2, "column": 20 } },
          { "start": { "line": 2, "column": 20 }, "end": { "line": 2, "column": null } }
        ],
        "line": 2
      }
    },
    "s": { "0": 1, "1": 1, "2": 1, "3": 1, "4": 0 },
    "f": { "0": 1, "1": 1, "2": 0 },
    "b": { "0": [1, 0] },
    "meta": {
      "lastBranch": 1,
      "lastFunction": 3,
      "lastStatement": 5,
      "seen": {
        "f:1:16:1:23": 0,
        "s:2:2:2:Infinity": 0,
        "b:2:16:2:20:2:20:2:Infinity": 0,
        "s:5:13:5:37": 1,
        "f:5:13:5:27": 1,
        "s:5:27:5:37": 2,
        "s:5:43:5:Infinity": 3,
        "f:5:43:5:58": 2,
        "s:5:58:5:Infinity": 4
      },
      "fnNames": {}
    }
  }
}
