{
  "/project/test/fixtures/vitest-missing-fn/subject.ts": {
    "path": "/project/test/fixtures/vitest-missing-fn/subject.ts",
    "statementMap": {
      "0": { "start": { "line": 2, "column": 2 }, "end": { "line": 2, "column": 37 } },
      "1": { "start": { "line": 3, "column": 2 }, "end": { "line": 3, "column": 66 } }
    },
    "fnMap": {
      "0": {
        "name": "isSourceFile",
        "decl": { "start": { "line": 1, "column": 16 }, "end": { "line": 1, "column": 28 } },
        "loc": { "start": { "line": 1, "column": 52 }, "end": { "line": 4, "column": null } },
        "line": 1
      }
    },
    "branchMap": {},
    "s": { "0": 1, "1": 1 },
    "f": { "0": 1 },
    "b": {}
  }
}
